<?xml version="1.0" encoding="UTF-8"?>
<testng-results ignored="0" total="1" passed="1" failed="0" skipped="0">
  <reporter-output>
    <line>
      <![CDATA[Sign in Page is Dispalyed,PASS]]>
    </line>
    <line>
      <![CDATA[VerifyAccountsModule method STARTED]]>
    </line>
    <line>
      <![CDATA[Home Page is Dispalyed,PASS]]>
    </line>
    <line>
      <![CDATA[Accounts: All Accounts ]]>
    </line>
    <line>
      <![CDATA[Accounts Text is Displayed]]>
    </line>
  </reporter-output>
  <suite started-at="2022-06-01T18:23:19 IST" name="Suite" finished-at="2022-06-01T18:23:24 IST" duration-ms="4948">
    <groups>
    </groups>
    <test started-at="2022-06-01T18:23:19 IST" name="Test" finished-at="2022-06-01T18:23:24 IST" duration-ms="4948">
      <class name="com.SinnVoll.Accounts.VerifyAccountsTabTest">
        <test-method is-config="true" signature="openBrowser()[pri:0, instance:com.SinnVoll.Accounts.VerifyAccountsTabTest@503d687a]" started-at="2022-06-01T18:23:19 IST" name="openBrowser" finished-at="2022-06-01T18:23:22 IST" duration-ms="3024" status="PASS">
          <reporter-output>
            <line>
              <![CDATA[Sign in Page is Dispalyed,PASS]]>
            </line>
          </reporter-output>
        </test-method> <!-- openBrowser -->
        <test-method signature="VerifyAccountsModule()[pri:0, instance:com.SinnVoll.Accounts.VerifyAccountsTabTest@503d687a]" started-at="2022-06-01T18:23:22 IST" name="VerifyAccountsModule" finished-at="2022-06-01T18:23:23 IST" duration-ms="987" status="PASS">
          <reporter-output>
            <line>
              <![CDATA[VerifyAccountsModule method STARTED]]>
            </line>
            <line>
              <![CDATA[Home Page is Dispalyed,PASS]]>
            </line>
            <line>
              <![CDATA[Accounts: All Accounts ]]>
            </line>
            <line>
              <![CDATA[Accounts Text is Displayed]]>
            </line>
          </reporter-output>
        </test-method> <!-- VerifyAccountsModule -->
        <test-method is-config="true" signature="closeBrowser()[pri:0, instance:com.SinnVoll.Accounts.VerifyAccountsTabTest@503d687a]" started-at="2022-06-01T18:23:23 IST" name="closeBrowser" finished-at="2022-06-01T18:23:24 IST" duration-ms="610" status="PASS">
          <reporter-output>
          </reporter-output>
        </test-method> <!-- closeBrowser -->
      </class> <!-- com.SinnVoll.Accounts.VerifyAccountsTabTest -->
    </test> <!-- Test -->
  </suite> <!-- Suite -->
</testng-results>
